<?xml version="1.0" encoding="UTF-8"?>
<!-- Generated by org.testng.reporters.JUnitReportReporter -->
<testsuite hostname="LAPTOP-GQGRNK3E" failures="0" tests="4" name="testNG.DataDrivenJXL" time="18.900" errors="0" timestamp="2020-12-07T23:47:08 IST" skipped="0">
  <testcase classname="testNG.DataDrivenJXL" name="loginCases" time="13.185"/>
  <system-out/>
  <testcase classname="testNG.DataDrivenJXL" name="loginCases" time="2.479"/>
  <system-out/>
  <testcase classname="testNG.DataDrivenJXL" name="loginCases" time="1.596"/>
  <system-out/>
  <testcase classname="testNG.DataDrivenJXL" name="loginCases" time="1.640"/>
  <system-out/>
</testsuite> <!-- testNG.DataDrivenJXL -->
