<?xml version="1.0" encoding="UTF-8"?>
<!-- Generated by org.testng.reporters.JUnitReportReporter -->
<testsuite hostname="LAPTOP-GQGRNK3E" failures="0" tests="6" name="testNG.SkipTestcaseExample" time="0.006" errors="0" timestamp="2020-12-10T18:45:49 IST" skipped="1">
  <testcase classname="testNG.SkipTestcaseExample" name="startCar" time="0.001"/>
  <system-out/>
  <testcase classname="testNG.SkipTestcaseExample" name="putFirstGear" time="0.001"/>
  <system-out/>
  <testcase classname="testNG.SkipTestcaseExample" name="putSecondGear" time="0.001"/>
  <system-out/>
  <testcase classname="testNG.SkipTestcaseExample" name="putThirdGear" time="0.001"/>
  <system-out/>
  <testcase classname="testNG.SkipTestcaseExample" name="putFourthGear" time="0.002"/>
  <system-out/>
  <testcase classname="testNG.SkipTestcaseExample" name="turnOnMusic">
    <skipped/>
  </testcase> <!-- turnOnMusic -->
  <system-out/>
</testsuite> <!-- testNG.SkipTestcaseExample -->
