<?xml version="1.0" encoding="UTF-8"?>
<!-- Generated by org.testng.reporters.JUnitReportReporter -->
<testsuite hostname="LAPTOP-GQGRNK3E" failures="0" tests="3" name="testNG.SuiteExample" time="68.951" errors="0" timestamp="2020-12-04T21:21:33 IST" skipped="0">
  <testcase classname="testNG.SuiteExample" name="openYahoo" time="62.221"/>
  <system-out/>
  <testcase classname="testNG.SuiteExample" name="openGoogle" time="5.143"/>
  <system-out/>
  <testcase classname="testNG.SuiteExample" name="openBing" time="1.587"/>
  <system-out/>
</testsuite> <!-- testNG.SuiteExample -->
