<?xml version="1.0" encoding="UTF-8"?>
<!-- Generated by org.testng.reporters.JUnitReportReporter -->
<testsuite hostname="LAPTOP-GQGRNK3E" failures="0" tests="1" name="testNG.LoginTestCase" time="14.132" errors="0" timestamp="2020-12-08T13:07:43 IST" skipped="0">
  <testcase classname="testNG.LoginTestCase" name="login" time="14.132"/>
  <system-out/>
</testsuite> <!-- testNG.LoginTestCase -->
