<?xml version="1.0" encoding="UTF-8"?>
<!-- Generated by org.testng.reporters.JUnitReportReporter -->
<testsuite hostname="LAPTOP-GQGRNK3E" failures="0" tests="6" name="testNG.GroupingExample" time="0.030" errors="0" timestamp="2020-12-05T16:28:26 IST" skipped="0">
  <testcase classname="testNG.GroupingExample" name="Vivo1" time="0.002"/>
  <system-out/>
  <testcase classname="testNG.GroupingExample" name="Lenovo1" time="0.003"/>
  <system-out/>
  <testcase classname="testNG.GroupingExample" name="Vivo2" time="0.005"/>
  <system-out/>
  <testcase classname="testNG.GroupingExample" name="Apple1" time="0.015"/>
  <system-out/>
  <testcase classname="testNG.GroupingExample" name="Apple2" time="0.003"/>
  <system-out/>
  <testcase classname="testNG.GroupingExample" name="Lenovo2" time="0.002"/>
  <system-out/>
</testsuite> <!-- testNG.GroupingExample -->
