<?xml version="1.0" encoding="UTF-8"?>
<!-- Generated by org.testng.reporters.JUnitReportReporter -->
<testsuite hostname="LAPTOP-GQGRNK3E" failures="0" tests="1" name="testNG.ParameterizationExample" time="0.017" errors="0" timestamp="2020-12-05T16:41:08 IST" skipped="0">
  <testcase classname="testNG.ParameterizationExample" name="PrintName" time="0.017"/>
  <system-out/>
</testsuite> <!-- testNG.ParameterizationExample -->
