<?xml version="1.0" encoding="UTF-8"?>
<!-- Generated by org.testng.reporters.JUnitReportReporter -->
<testsuite hostname="LAPTOP-GQGRNK3E" failures="0" tests="3" name="testNG.DependanciesExample" time="0.015" errors="0" timestamp="2020-12-10T18:45:49 IST" skipped="0">
  <testcase classname="testNG.DependanciesExample" name="highSchool" time="0.012"/>
  <system-out/>
  <testcase classname="testNG.DependanciesExample" name="engineeringCollege" time="0.002"/>
  <system-out/>
  <testcase classname="testNG.DependanciesExample" name="higherSecSchool" time="0.001"/>
  <system-out/>
</testsuite> <!-- testNG.DependanciesExample -->
