<?xml version="1.0" encoding="UTF-8"?>
<!-- Generated by org.testng.reporters.JUnitReportReporter -->
<testsuite hostname="LAPTOP-GQGRNK3E" failures="0" tests="2" name="testNG.ParallelCheckExample" time="11.170" errors="0" timestamp="2020-12-05T16:55:18 IST" skipped="0">
  <testcase classname="testNG.ParallelCheckExample" name="OpenGoogle" time="5.647"/>
  <system-out/>
  <testcase classname="testNG.ParallelCheckExample" name="OpenBing" time="5.523"/>
  <system-out/>
</testsuite> <!-- testNG.ParallelCheckExample -->
