<?xml version="1.0" encoding="UTF-8"?>
<!-- Generated by org.testng.reporters.JUnitReportReporter -->
<testsuite hostname="LAPTOP-GQGRNK3E" failures="0" tests="5" name="testNG.PriorityCheckDriveCar" time="0.006" errors="0" timestamp="2020-12-10T18:45:49 IST" skipped="0">
  <testcase classname="testNG.PriorityCheckDriveCar" name="startCar" time="0.001"/>
  <system-out/>
  <testcase classname="testNG.PriorityCheckDriveCar" name="putFirstGear" time="0.002"/>
  <system-out/>
  <testcase classname="testNG.PriorityCheckDriveCar" name="putSecondGear" time="0.001"/>
  <system-out/>
  <testcase classname="testNG.PriorityCheckDriveCar" name="putThirdGear" time="0.001"/>
  <system-out/>
  <testcase classname="testNG.PriorityCheckDriveCar" name="putFourthGear" time="0.001"/>
  <system-out/>
</testsuite> <!-- testNG.PriorityCheckDriveCar -->
