<?xml version="1.0" encoding="UTF-8"?>
<!-- Generated by org.testng.reporters.JUnitReportReporter -->
<testsuite hostname="LAPTOP-GQGRNK3E" failures="0" tests="1" name="testNG.SampleTestCase" time="0.002" errors="0" timestamp="2020-12-10T18:45:49 IST" skipped="0">
  <testcase classname="testNG.SampleTestCase" name="caseFirst" time="0.002"/>
  <system-out/>
</testsuite> <!-- testNG.SampleTestCase -->
