<?xml version="1.0" encoding="UTF-8"?>
<!-- Generated by org.testng.reporters.JUnitReportReporter -->
<testsuite hostname="LAPTOP-GQGRNK3E" failures="0" tests="1" name="testNG.LoginWithoutFindBy" time="12.915" errors="0" timestamp="2020-12-08T13:19:22 IST" skipped="0">
  <testcase classname="testNG.LoginWithoutFindBy" name="loginCase" time="12.915"/>
  <system-out/>
</testsuite> <!-- testNG.LoginWithoutFindBy -->
