<?xml version="1.0" encoding="UTF-8"?>
<!-- Generated by org.testng.reporters.JUnitReportReporter -->
<testsuite hostname="LAPTOP-GQGRNK3E" failures="0" tests="2" name="testNG.AllAnnotationsExample" time="0.016" errors="0" timestamp="2020-12-05T17:37:27 IST" skipped="0">
  <testcase classname="testNG.AllAnnotationsExample" name="test1" time="0.011"/>
  <system-out/>
  <testcase classname="testNG.AllAnnotationsExample" name="test2" time="0.005"/>
  <system-out/>
</testsuite> <!-- testNG.AllAnnotationsExample -->
