<?xml version="1.0" encoding="UTF-8"?>
<!-- Generated by org.testng.reporters.JUnitReportReporter -->
<testsuite hostname="LAPTOP-GQGRNK3E" failures="0" tests="1" name="testNG.LoginTestcaseUsingPageFactoryFindBy" time="13.882" errors="0" timestamp="2020-12-08T13:15:56 IST" skipped="0">
  <testcase classname="testNG.LoginTestcaseUsingPageFactoryFindBy" name="loginCase" time="13.882"/>
  <system-out/>
</testsuite> <!-- testNG.LoginTestcaseUsingPageFactoryFindBy -->
